
Showing logs for build [32mcb-kubecd-environment-pr-23-13-v8kmj-1[0m stage [32mfrom-build-pack[0m and container [32mstep-credential-initializer-t4khw[0m
{"level":"warn","ts":1568904106.4101186,"logger":"fallback-logger","caller":"logging/config.go:69","msg":"Fetch GitHub commit ID from kodata failed: \"ref: refs/heads/master\" is not a valid GitHub commit ID"}
{"level":"info","ts":1568904106.4108946,"logger":"fallback-logger","caller":"creds-init/main.go:40","msg":"Credentials initialized."}

Showing logs for build [32mcb-kubecd-environment-pr-23-13-v8kmj-1[0m stage [32mfrom-build-pack[0m and container [32mstep-working-dir-initializer-9rd4z[0m
{"level":"warn","ts":1568904107.46271,"logger":"fallback-logger","caller":"logging/config.go:69","msg":"Fetch GitHub commit ID from kodata failed: open /var/run/ko/HEAD: no such file or directory"}
{"level":"info","ts":1568904107.4682093,"logger":"fallback-logger","caller":"bash/main.go:65","msg":"Successfully executed command \"mkdir -p /workspace/source /workspace/source/env\""}

Showing logs for build [32mcb-kubecd-environment-pr-23-13-v8kmj-1[0m stage [32mfrom-build-pack[0m and container [32mstep-place-tools[0m

Showing logs for build [32mcb-kubecd-environment-pr-23-13-v8kmj-1[0m stage [32mfrom-build-pack[0m and container [32mstep-git-source-cb-kubecd-environment-pr-23-13-qlblj[0m
{"level":"warn","ts":1568904181.2564735,"logger":"fallback-logger","caller":"logging/config.go:69","msg":"Fetch GitHub commit ID from kodata failed: \"ref: refs/heads/master\" is not a valid GitHub commit ID"}
{"level":"info","ts":1568904183.18876,"logger":"fallback-logger","caller":"git/git.go:102","msg":"Successfully cloned https://github.com/cb-kubecd/environment-pr-23-13-boot-local-production.git @ aedfab1c288185aa7e57634bc89ad3d59b0f7667 in path /workspace/source"}

Showing logs for build [32mcb-kubecd-environment-pr-23-13-v8kmj-1[0m stage [32mfrom-build-pack[0m and container [32mstep-git-merge[0m
Using SHAs from PULL_REFS=master:0843a3d55259449413f63400e38ab020fbce4a07,1:aedfab1c288185aa7e57634bc89ad3d59b0f7667
DEBUG: ran git fetch --unshallow origin aedfab1c288185aa7e57634bc89ad3d59b0f7667: 0843a3d55259449413f63400e38ab020fbce4a07: in 
DEBUG: ran git checkout master in 
DEBUG: ran git reset --hard 0843a3d55259449413f63400e38ab020fbce4a07 in 
DEBUG: ran clean --force -d . in 
DEBUG: ran git merge aedfab1c288185aa7e57634bc89ad3d59b0f7667 in 
Merged SHA aedfab1c288185aa7e57634bc89ad3d59b0f7667 with commit message 'chore: Promote bdd-spring-1568903181 to version 0.0.1' into base branch master

Showing logs for build [32mcb-kubecd-environment-pr-23-13-v8kmj-1[0m stage [32mfrom-build-pack[0m and container [32mstep-build-helm-build[0m
WARNING: No $CHART_REPOSITORY defined so using the default value of: http://jenkins-x-chartmuseum:8080
Adding missing Helm repo: storage.googleapis.com https://storage.googleapis.com/chartmuseum.jenkins-x.io
Read credentials for https://storage.googleapis.com/chartmuseum.jenkins-x.io from vault helm/repos
Successfully added Helm repository storage.googleapis.com.
Adding missing Helm repo: jenkins-x-chartmuseum http://jenkins-x-chartmuseum:8080
Read credentials for http://jenkins-x-chartmuseum:8080 from vault helm/repos
Successfully added Helm repository jenkins-x-chartmuseum.
WARNING: No $CHART_REPOSITORY defined so using the default value of: http://jenkins-x-chartmuseum:8080
Adding missing Helm repo: chartmuseum.jenkins-x.io http://chartmuseum.jenkins-x.io
Read credentials for http://chartmuseum.jenkins-x.io from vault helm/repos
Successfully added Helm repository chartmuseum.jenkins-x.io.
